<?xml version="1.0" encoding="UTF-8"?>
<testsuite name="Repete" tests="1" skipped="0" failures="0" errors="0" timestamp="2020-03-17T06:42:20" hostname="alex" time="23.713">
  <properties/>
  <testcase name="Test" classname="Repete" time="23.713"/>
  <system-out><![CDATA[]]></system-out>
  <system-err><![CDATA[Starting ChromeDriver 79.0.3945.36 (3582db32b33893869b8c1339e8f4d9ed1816f143-refs/branch-heads/3945@{#614}) on port 2023
Only local connections are allowed.
Please protect ports used by ChromeDriver and related test frameworks to prevent access by malicious code.
[1584427342.788][WARNING]: This version of ChromeDriver has not been tested with Chrome version 80.
[1584427344.806][WARNING]: Timed out connecting to Chrome, retrying...
Mar 17, 2020 8:42:26 AM org.openqa.selenium.remote.ProtocolHandshake createSession
INFO: Detected dialect: W3C
]]></system-err>
</testsuite>
