<?xml version="1.0" encoding="UTF-8"?>
<testsuite name="Self_Wiki" tests="1" skipped="0" failures="0" errors="0" timestamp="2020-03-11T09:08:52" hostname="alex" time="15.064">
  <properties/>
  <testcase name="SearchWiki" classname="Self_Wiki" time="15.064"/>
  <system-out><![CDATA[]]></system-out>
  <system-err><![CDATA[Starting ChromeDriver 79.0.3945.36 (3582db32b33893869b8c1339e8f4d9ed1816f143-refs/branch-heads/3945@{#614}) on port 47812
Only local connections are allowed.
Please protect ports used by ChromeDriver and related test frameworks to prevent access by malicious code.
[1583917734.869][WARNING]: This version of ChromeDriver has not been tested with Chrome version 80.
[1583917736.910][WARNING]: Timed out connecting to Chrome, retrying...
Mar 11, 2020 11:08:58 AM org.openqa.selenium.remote.ProtocolHandshake createSession
INFO: Detected dialect: W3C
]]></system-err>
</testsuite>
