<?xml version="1.0" encoding="UTF-8"?>
<testsuite name="RamblerTest" tests="1" skipped="0" failures="0" errors="0" timestamp="2020-03-10T09:43:23" hostname="alex" time="14.096">
  <properties/>
  <testcase name="RamblerTest" classname="RamblerTest" time="14.096"/>
  <system-out><![CDATA[]]></system-out>
  <system-err><![CDATA[Starting ChromeDriver 79.0.3945.36 (3582db32b33893869b8c1339e8f4d9ed1816f143-refs/branch-heads/3945@{#614}) on port 47687
Only local connections are allowed.
Please protect ports used by ChromeDriver and related test frameworks to prevent access by malicious code.
[1583833405.808][WARNING]: This version of ChromeDriver has not been tested with Chrome version 80.
[1583833407.877][WARNING]: Timed out connecting to Chrome, retrying...
Mar 10, 2020 11:43:29 AM org.openqa.selenium.remote.ProtocolHandshake createSession
INFO: Detected dialect: W3C
]]></system-err>
</testsuite>
